07:05:36.034 INFO - Selenium build info: version: '3.6.0', revision: '6fbf3ec767'
07:05:36.034 INFO - Launching a standalone Selenium Server
2017-12-01 07:05:36.053:INFO::main: Logging initialized @233ms to org.seleniumhq.jetty9.util.log.StdErrLog
07:05:36.100 INFO - Driver class not found: com.opera.core.systems.OperaDriver
07:05:36.126 INFO - Driver provider class org.openqa.selenium.ie.InternetExplorerDriver registration is skipped:
 registration capabilities Capabilities [{ensureCleanSession=true, browserName=internet explorer, version=, platform=WINDOWS}] does not match the current platform MAC
07:05:36.126 INFO - Driver provider class org.openqa.selenium.edge.EdgeDriver registration is skipped:
 registration capabilities Capabilities [{browserName=MicrosoftEdge, version=, platform=WINDOWS}] does not match the current platform MAC
07:05:36.151 INFO - Using the passthrough mode handler
2017-12-01 07:05:36.177:INFO:osjs.Server:main: jetty-9.4.5.v20170502
2017-12-01 07:05:36.203:WARN:osjs.SecurityHandler:main: ServletContext@o.s.j.s.ServletContextHandler@3b0143d3{/,null,STARTING} has uncovered http methods for path: /
2017-12-01 07:05:36.207:INFO:osjsh.ContextHandler:main: Started o.s.j.s.ServletContextHandler@3b0143d3{/,null,AVAILABLE}
2017-12-01 07:05:36.230:INFO:osjs.AbstractConnector:main: Started ServerConnector@67205a84{HTTP/1.1,[http/1.1]}{0.0.0.0:4444}
2017-12-01 07:05:36.231:INFO:osjs.Server:main: Started @411ms
07:05:36.231 INFO - Selenium Server is up and running
2017-12-01 07:05:36.497:INFO:osjshC.ROOT:qtp2104457164-10: org.openqa.selenium.remote.server.WebDriverServlet-61832929: Initialising WebDriverServlet
07:05:36.525 INFO - Binding default provider to: org.openqa.selenium.chrome.ChromeDriverService
07:05:36.526 INFO - Found handler: org.openqa.selenium.remote.server.commandhandler.BeginSession@165dd980
07:05:36.529 INFO - /session: Executing POST on /session (handler: BeginSession)
07:05:36.563 INFO - Capabilities are: Capabilities {acceptSslCerts=true, name=Group Spec, browserName=chrome, javascriptEnabled=true, platformName=ANY, platform=ANY, }
07:05:36.564 INFO - Capabilities {acceptSslCerts=true, name=Group Spec, browserName=chrome, javascriptEnabled=true, platformName=ANY, platform=ANY, } matched class org.openqa.selenium.remote.server.ServicedSession$Factory (provider: org.openqa.selenium.chrome.ChromeDriverService)
07:05:36.564 INFO - Capabilities {acceptSslCerts=true, name=Group Spec, browserName=chrome, javascriptEnabled=true, platformName=ANY, platform=ANY, } matched class org.openqa.selenium.remote.server.ServicedSession$Factory (provider: org.openqa.selenium.chrome.ChromeDriverService)
Starting ChromeDriver 2.33.506106 (8a06c39c4582fbfbab6966dbb1c38a9173bfb1a2) on port 4520
Only local connections are allowed.
07:05:37.765 INFO - Found handler: org.openqa.selenium.remote.server.ServicedSession@6ce22fe8
07:05:37.766 INFO - Handler thread for session fdcb5ae4bd7922baf0bc98a71abcf240 (chrome): Executing POST on /session/fdcb5ae4bd7922baf0bc98a71abcf240/url (handler: ServicedSession)
07:05:37.768 INFO - To upstream: {"url":"localhost:3200"}
07:05:39.862 INFO - To downstream: {"sessionId":"fdcb5ae4bd7922baf0bc98a71abcf240","status":0,"value":null}
07:05:39.866 INFO - Found handler: org.openqa.selenium.remote.server.ServicedSession@6ce22fe8
07:05:39.866 INFO - Handler thread for session fdcb5ae4bd7922baf0bc98a71abcf240 (chrome): Executing POST on /session/fdcb5ae4bd7922baf0bc98a71abcf240/elements (handler: ServicedSession)
07:05:39.867 INFO - To upstream: {"using":"css selector","value":".waves-effect.hoverable.btn-large"}
07:05:39.887 INFO - To downstream: {"sessionId":"fdcb5ae4bd7922baf0bc98a71abcf240","status":0,"value":[{"ELEMENT":"0.9431467390778236-1"}]}
07:05:39.890 INFO - Found handler: org.openqa.selenium.remote.server.ServicedSession@6ce22fe8
07:05:39.890 INFO - Handler thread for session fdcb5ae4bd7922baf0bc98a71abcf240 (chrome): Executing GET on /session/fdcb5ae4bd7922baf0bc98a71abcf240/element/0.9431467390778236-1/displayed (handler: ServicedSession)
07:05:39.905 INFO - To downstream: {"sessionId":"fdcb5ae4bd7922baf0bc98a71abcf240","status":0,"value":true}
07:05:39.908 INFO - Found handler: org.openqa.selenium.remote.server.ServicedSession@6ce22fe8
07:05:39.908 INFO - Handler thread for session fdcb5ae4bd7922baf0bc98a71abcf240 (chrome): Executing POST on /session/fdcb5ae4bd7922baf0bc98a71abcf240/element (handler: ServicedSession)
07:05:39.909 INFO - To upstream: {"using":"css selector","value":".waves-effect.hoverable.btn-large"}
07:05:39.923 INFO - To downstream: {"sessionId":"fdcb5ae4bd7922baf0bc98a71abcf240","status":0,"value":{"ELEMENT":"0.9431467390778236-1"}}
07:05:39.926 INFO - Found handler: org.openqa.selenium.remote.server.ServicedSession@6ce22fe8
07:05:39.926 INFO - Handler thread for session fdcb5ae4bd7922baf0bc98a71abcf240 (chrome): Executing POST on /session/fdcb5ae4bd7922baf0bc98a71abcf240/element/0.9431467390778236-1/click (handler: ServicedSession)
07:05:39.927 INFO - To upstream: 
07:05:40.019 INFO - To downstream: {"sessionId":"fdcb5ae4bd7922baf0bc98a71abcf240","status":0,"value":null}
07:05:40.024 INFO - Found handler: org.openqa.selenium.remote.server.ServicedSession@6ce22fe8
07:05:40.024 INFO - Handler thread for session fdcb5ae4bd7922baf0bc98a71abcf240 (chrome): Executing POST on /session/fdcb5ae4bd7922baf0bc98a71abcf240/element (handler: ServicedSession)
07:05:40.025 INFO - To upstream: {"using":"css selector","value":".signup"}
07:05:40.119 INFO - To downstream: {"sessionId":"fdcb5ae4bd7922baf0bc98a71abcf240","status":0,"value":{"ELEMENT":"0.9431467390778236-2"}}
07:05:40.123 INFO - Found handler: org.openqa.selenium.remote.server.ServicedSession@6ce22fe8
07:05:40.124 INFO - Handler thread for session fdcb5ae4bd7922baf0bc98a71abcf240 (chrome): Executing POST on /session/fdcb5ae4bd7922baf0bc98a71abcf240/element/0.9431467390778236-2/click (handler: ServicedSession)
07:05:40.124 INFO - To upstream: 
07:05:40.261 INFO - To downstream: {"sessionId":"fdcb5ae4bd7922baf0bc98a71abcf240","status":0,"value":null}
07:05:40.270 INFO - Found handler: org.openqa.selenium.remote.server.ServicedSession@6ce22fe8
07:05:40.272 INFO - Handler thread for session fdcb5ae4bd7922baf0bc98a71abcf240 (chrome): Executing POST on /session/fdcb5ae4bd7922baf0bc98a71abcf240/elements (handler: ServicedSession)
07:05:40.273 INFO - To upstream: {"using":"css selector","value":".username"}
07:05:40.289 INFO - To downstream: {"sessionId":"fdcb5ae4bd7922baf0bc98a71abcf240","status":0,"value":[{"ELEMENT":"0.9431467390778236-3"},{"ELEMENT":"0.9431467390778236-4"}]}
07:05:40.292 INFO - Found handler: org.openqa.selenium.remote.server.ServicedSession@6ce22fe8
07:05:40.293 INFO - Handler thread for session fdcb5ae4bd7922baf0bc98a71abcf240 (chrome): Executing POST on /session/fdcb5ae4bd7922baf0bc98a71abcf240/element (handler: ServicedSession)
07:05:40.294 INFO - To upstream: {"using":"css selector","value":".fullname"}
07:05:40.308 INFO - To downstream: {"sessionId":"fdcb5ae4bd7922baf0bc98a71abcf240","status":0,"value":{"ELEMENT":"0.9431467390778236-5"}}
07:05:40.311 INFO - Found handler: org.openqa.selenium.remote.server.ServicedSession@6ce22fe8
07:05:40.312 INFO - Handler thread for session fdcb5ae4bd7922baf0bc98a71abcf240 (chrome): Executing POST on /session/fdcb5ae4bd7922baf0bc98a71abcf240/element/0.9431467390778236-5/value (handler: ServicedSession)
07:05:40.313 INFO - To upstream: {"value":["A","g","n","e","s"," ","A","u","d","u"]}
07:05:40.441 INFO - To downstream: {"sessionId":"fdcb5ae4bd7922baf0bc98a71abcf240","status":0,"value":null}
07:05:40.444 INFO - Found handler: org.openqa.selenium.remote.server.ServicedSession@6ce22fe8
07:05:40.444 INFO - Handler thread for session fdcb5ae4bd7922baf0bc98a71abcf240 (chrome): Executing POST on /session/fdcb5ae4bd7922baf0bc98a71abcf240/element (handler: ServicedSession)
07:05:40.445 INFO - To upstream: {"using":"css selector","value":".username"}
07:05:40.459 INFO - To downstream: {"sessionId":"fdcb5ae4bd7922baf0bc98a71abcf240","status":0,"value":{"ELEMENT":"0.9431467390778236-3"}}
07:05:40.462 INFO - Found handler: org.openqa.selenium.remote.server.ServicedSession@6ce22fe8
07:05:40.462 INFO - Handler thread for session fdcb5ae4bd7922baf0bc98a71abcf240 (chrome): Executing POST on /session/fdcb5ae4bd7922baf0bc98a71abcf240/element/0.9431467390778236-3/value (handler: ServicedSession)
07:05:40.463 INFO - To upstream: {"value":["a","g","n","e","s"]}
07:05:40.552 INFO - To downstream: {"sessionId":"fdcb5ae4bd7922baf0bc98a71abcf240","status":0,"value":null}
07:05:40.555 INFO - Found handler: org.openqa.selenium.remote.server.ServicedSession@6ce22fe8
07:05:40.555 INFO - Handler thread for session fdcb5ae4bd7922baf0bc98a71abcf240 (chrome): Executing POST on /session/fdcb5ae4bd7922baf0bc98a71abcf240/element (handler: ServicedSession)
07:05:40.556 INFO - To upstream: {"using":"css selector","value":".email"}
07:05:40.572 INFO - To downstream: {"sessionId":"fdcb5ae4bd7922baf0bc98a71abcf240","status":0,"value":{"ELEMENT":"0.9431467390778236-6"}}
07:05:40.575 INFO - Found handler: org.openqa.selenium.remote.server.ServicedSession@6ce22fe8
07:05:40.575 INFO - Handler thread for session fdcb5ae4bd7922baf0bc98a71abcf240 (chrome): Executing POST on /session/fdcb5ae4bd7922baf0bc98a71abcf240/element/0.9431467390778236-6/value (handler: ServicedSession)
07:05:40.576 INFO - To upstream: {"value":["a","g","n","e","s","@","g","m","a","i","l",".","c","o","m"]}
07:05:40.709 INFO - To downstream: {"sessionId":"fdcb5ae4bd7922baf0bc98a71abcf240","status":0,"value":null}
07:05:40.711 INFO - Found handler: org.openqa.selenium.remote.server.ServicedSession@6ce22fe8
07:05:40.711 INFO - Handler thread for session fdcb5ae4bd7922baf0bc98a71abcf240 (chrome): Executing POST on /session/fdcb5ae4bd7922baf0bc98a71abcf240/element (handler: ServicedSession)
07:05:40.712 INFO - To upstream: {"using":"css selector","value":".password"}
07:05:40.726 INFO - To downstream: {"sessionId":"fdcb5ae4bd7922baf0bc98a71abcf240","status":0,"value":{"ELEMENT":"0.9431467390778236-7"}}
07:05:40.728 INFO - Found handler: org.openqa.selenium.remote.server.ServicedSession@6ce22fe8
07:05:40.728 INFO - Handler thread for session fdcb5ae4bd7922baf0bc98a71abcf240 (chrome): Executing POST on /session/fdcb5ae4bd7922baf0bc98a71abcf240/element/0.9431467390778236-7/value (handler: ServicedSession)
07:05:40.730 INFO - To upstream: {"value":["p","a","s","s","w","o","r","d"]}
07:05:40.829 INFO - To downstream: {"sessionId":"fdcb5ae4bd7922baf0bc98a71abcf240","status":0,"value":null}
07:05:40.833 INFO - Found handler: org.openqa.selenium.remote.server.ServicedSession@6ce22fe8
07:05:40.833 INFO - Handler thread for session fdcb5ae4bd7922baf0bc98a71abcf240 (chrome): Executing POST on /session/fdcb5ae4bd7922baf0bc98a71abcf240/element (handler: ServicedSession)
07:05:40.834 INFO - To upstream: {"using":"css selector","value":".btn-large.waves-effect.waves-light"}
07:05:40.849 INFO - To downstream: {"sessionId":"fdcb5ae4bd7922baf0bc98a71abcf240","status":0,"value":{"ELEMENT":"0.9431467390778236-8"}}
07:05:40.852 INFO - Found handler: org.openqa.selenium.remote.server.ServicedSession@6ce22fe8
07:05:40.852 INFO - Handler thread for session fdcb5ae4bd7922baf0bc98a71abcf240 (chrome): Executing POST on /session/fdcb5ae4bd7922baf0bc98a71abcf240/element/0.9431467390778236-8/click (handler: ServicedSession)
07:05:40.853 INFO - To upstream: 
07:05:40.914 INFO - To downstream: {"sessionId":"fdcb5ae4bd7922baf0bc98a71abcf240","status":0,"value":null}
07:05:40.917 INFO - Found handler: org.openqa.selenium.remote.server.ServicedSession@6ce22fe8
07:05:40.918 INFO - Handler thread for session fdcb5ae4bd7922baf0bc98a71abcf240 (chrome): Executing POST on /session/fdcb5ae4bd7922baf0bc98a71abcf240/elements (handler: ServicedSession)
07:05:40.920 INFO - To upstream: {"using":"css selector","value":"h3"}
07:05:40.938 INFO - To downstream: {"sessionId":"fdcb5ae4bd7922baf0bc98a71abcf240","status":0,"value":[]}
07:05:41.445 INFO - Found handler: org.openqa.selenium.remote.server.ServicedSession@6ce22fe8
07:05:41.446 INFO - Handler thread for session fdcb5ae4bd7922baf0bc98a71abcf240 (chrome): Executing POST on /session/fdcb5ae4bd7922baf0bc98a71abcf240/elements (handler: ServicedSession)
07:05:41.447 INFO - To upstream: {"using":"css selector","value":"h3"}
07:05:41.455 INFO - To downstream: {"sessionId":"fdcb5ae4bd7922baf0bc98a71abcf240","status":0,"value":[{"ELEMENT":"0.9431467390778236-9"}]}
07:05:41.457 INFO - Found handler: org.openqa.selenium.remote.server.ServicedSession@6ce22fe8
07:05:41.458 INFO - Handler thread for session fdcb5ae4bd7922baf0bc98a71abcf240 (chrome): Executing POST on /session/fdcb5ae4bd7922baf0bc98a71abcf240/element (handler: ServicedSession)
07:05:41.459 INFO - To upstream: {"using":"css selector","value":".sidebar-text"}
07:05:41.473 INFO - To downstream: {"sessionId":"fdcb5ae4bd7922baf0bc98a71abcf240","status":0,"value":{"ELEMENT":"0.9431467390778236-10"}}
07:05:41.476 INFO - Found handler: org.openqa.selenium.remote.server.ServicedSession@6ce22fe8
07:05:41.476 INFO - Handler thread for session fdcb5ae4bd7922baf0bc98a71abcf240 (chrome): Executing POST on /session/fdcb5ae4bd7922baf0bc98a71abcf240/element/0.9431467390778236-10/click (handler: ServicedSession)
07:05:41.477 INFO - To upstream: 
07:05:41.524 INFO - To downstream: {"sessionId":"fdcb5ae4bd7922baf0bc98a71abcf240","status":0,"value":null}
07:05:41.526 INFO - Found handler: org.openqa.selenium.remote.server.ServicedSession@6ce22fe8
07:05:41.527 INFO - Handler thread for session fdcb5ae4bd7922baf0bc98a71abcf240 (chrome): Executing POST on /session/fdcb5ae4bd7922baf0bc98a71abcf240/elements (handler: ServicedSession)
07:05:41.528 INFO - To upstream: {"using":"css selector","value":"h2"}
07:05:41.544 INFO - To downstream: {"sessionId":"fdcb5ae4bd7922baf0bc98a71abcf240","status":0,"value":[{"ELEMENT":"0.9431467390778236-11"}]}
07:05:41.547 INFO - Found handler: org.openqa.selenium.remote.server.ServicedSession@6ce22fe8
07:05:41.547 INFO - Handler thread for session fdcb5ae4bd7922baf0bc98a71abcf240 (chrome): Executing POST on /session/fdcb5ae4bd7922baf0bc98a71abcf240/element (handler: ServicedSession)
07:05:41.548 INFO - To upstream: {"using":"css selector","value":"input[name=\"name\"]"}
07:05:41.567 INFO - To downstream: {"sessionId":"fdcb5ae4bd7922baf0bc98a71abcf240","status":0,"value":{"ELEMENT":"0.9431467390778236-12"}}
07:05:41.569 INFO - Found handler: org.openqa.selenium.remote.server.ServicedSession@6ce22fe8
07:05:41.570 INFO - Handler thread for session fdcb5ae4bd7922baf0bc98a71abcf240 (chrome): Executing POST on /session/fdcb5ae4bd7922baf0bc98a71abcf240/element/0.9431467390778236-12/value (handler: ServicedSession)
07:05:41.571 INFO - To upstream: {"value":["G","a","m","e"," ","o","f"," ","t","h","r","o","n","e","s"]}
07:05:41.777 INFO - To downstream: {"sessionId":"fdcb5ae4bd7922baf0bc98a71abcf240","status":0,"value":null}
07:05:41.781 INFO - Found handler: org.openqa.selenium.remote.server.ServicedSession@6ce22fe8
07:05:41.781 INFO - Handler thread for session fdcb5ae4bd7922baf0bc98a71abcf240 (chrome): Executing POST on /session/fdcb5ae4bd7922baf0bc98a71abcf240/element (handler: ServicedSession)
07:05:41.783 INFO - To upstream: {"using":"css selector","value":"input[name=\"description\"]"}
07:05:41.800 INFO - To downstream: {"sessionId":"fdcb5ae4bd7922baf0bc98a71abcf240","status":0,"value":{"ELEMENT":"0.9431467390778236-13"}}
07:05:41.803 INFO - Found handler: org.openqa.selenium.remote.server.ServicedSession@6ce22fe8
07:05:41.803 INFO - Handler thread for session fdcb5ae4bd7922baf0bc98a71abcf240 (chrome): Executing POST on /session/fdcb5ae4bd7922baf0bc98a71abcf240/element/0.9431467390778236-13/value (handler: ServicedSession)
07:05:41.804 INFO - To upstream: {"value":["G","O","T"]}
07:05:41.867 INFO - To downstream: {"sessionId":"fdcb5ae4bd7922baf0bc98a71abcf240","status":0,"value":null}
07:05:41.872 INFO - Found handler: org.openqa.selenium.remote.server.ServicedSession@6ce22fe8
07:05:41.873 INFO - Handler thread for session fdcb5ae4bd7922baf0bc98a71abcf240 (chrome): Executing POST on /session/fdcb5ae4bd7922baf0bc98a71abcf240/element (handler: ServicedSession)
07:05:41.874 INFO - To upstream: {"using":"css selector","value":"button[type=\"submit\"]"}
07:05:41.892 INFO - To downstream: {"sessionId":"fdcb5ae4bd7922baf0bc98a71abcf240","status":0,"value":{"ELEMENT":"0.9431467390778236-14"}}
07:05:41.894 INFO - Found handler: org.openqa.selenium.remote.server.ServicedSession@6ce22fe8
07:05:41.894 INFO - Handler thread for session fdcb5ae4bd7922baf0bc98a71abcf240 (chrome): Executing POST on /session/fdcb5ae4bd7922baf0bc98a71abcf240/element/0.9431467390778236-14/click (handler: ServicedSession)
07:05:41.895 INFO - To upstream: 
07:05:41.965 INFO - To downstream: {"sessionId":"fdcb5ae4bd7922baf0bc98a71abcf240","status":0,"value":null}
07:05:41.974 INFO - Found handler: org.openqa.selenium.remote.server.ServicedSession@6ce22fe8
07:05:41.974 INFO - Handler thread for session fdcb5ae4bd7922baf0bc98a71abcf240 (chrome): Executing DELETE on /session/fdcb5ae4bd7922baf0bc98a71abcf240 (handler: ServicedSession)
07:05:42.029 INFO - To downstream: {"sessionId":"fdcb5ae4bd7922baf0bc98a71abcf240","status":0,"value":null}
07:05:42.032 INFO - Removing session org.openqa.selenium.remote.server.ServicedSession@6ce22fe8
07:05:42.041 INFO - To downstream: {"sessionId":"","status":0,"value":null}
